kotlin version: 2.0.0
error message: org.jetbrains.kotlin.backend.common.BackendException: Backend Internal error: Exception during IR lowering
File being compiled: D:/ANDROID/COMPOSE_PRO/AudioVideoPlayer/core/src/main/java/com/anand/core/utils/ExtensionFunctions.kt
The root cause java.lang.RuntimeException was thrown at: org.jetbrains.kotlin.backend.jvm.codegen.FunctionCodegen.generate(FunctionCodegen.kt:50)
	at org.jetbrains.kotlin.backend.common.CodegenUtil.reportBackendException(CodegenUtil.kt:253)
	at org.jetbrains.kotlin.backend.common.CodegenUtil.reportBackendException$default(CodegenUtil.kt:236)
	at org.jetbrains.kotlin.backend.common.phaser.PerformByIrFilePhase.invokeSequential(performByIrFile.kt:65)
	at org.jetbrains.kotlin.backend.common.phaser.PerformByIrFilePhase.invoke(performByIrFile.kt:52)
	at org.jetbrains.kotlin.backend.common.phaser.PerformByIrFilePhase.invoke(performByIrFile.kt:38)
	at org.jetbrains.kotlin.backend.common.phaser.NamedCompilerPhase.phaseBody(CompilerPhase.kt:166)
	at org.jetbrains.kotlin.backend.common.phaser.AbstractNamedCompilerPhase.invoke(CompilerPhase.kt:113)
	at org.jetbrains.kotlin.backend.common.phaser.CompositePhase.invoke(PhaseBuilders.kt:29)
	at org.jetbrains.kotlin.backend.common.phaser.CompositePhase.invoke(PhaseBuilders.kt:16)
	at org.jetbrains.kotlin.backend.common.phaser.NamedCompilerPhase.phaseBody(CompilerPhase.kt:166)
	at org.jetbrains.kotlin.backend.common.phaser.AbstractNamedCompilerPhase.invoke(CompilerPhase.kt:113)
	at org.jetbrains.kotlin.backend.common.phaser.CompilerPhaseKt.invokeToplevel(CompilerPhase.kt:62)
	at org.jetbrains.kotlin.backend.jvm.JvmIrCodegenFactory.invokeCodegen(JvmIrCodegenFactory.kt:371)
	at org.jetbrains.kotlin.codegen.CodegenFactory.generateModule(CodegenFactory.kt:47)
	at org.jetbrains.kotlin.backend.jvm.JvmIrCodegenFactory.generateModuleInFrontendIRMode(JvmIrCodegenFactory.kt:433)
	at org.jetbrains.kotlin.cli.jvm.compiler.pipeline.JvmCompilerPipelineKt.generateCodeFromIr(jvmCompilerPipeline.kt:241)
	at org.jetbrains.kotlin.cli.jvm.compiler.pipeline.JvmCompilerPipelineKt.compileModulesUsingFrontendIrAndLightTree(jvmCompilerPipeline.kt:140)
	at org.jetbrains.kotlin.cli.jvm.K2JVMCompiler.doExecute(K2JVMCompiler.kt:155)
	at org.jetbrains.kotlin.cli.jvm.K2JVMCompiler.doExecute(K2JVMCompiler.kt:50)
	at org.jetbrains.kotlin.cli.common.CLICompiler.execImpl(CLICompiler.kt:104)
	at org.jetbrains.kotlin.cli.common.CLICompiler.execImpl(CLICompiler.kt:48)
	at org.jetbrains.kotlin.cli.common.CLITool.exec(CLITool.kt:101)
	at org.jetbrains.kotlin.incremental.IncrementalJvmCompilerRunner.runCompiler(IncrementalJvmCompilerRunner.kt:453)
	at org.jetbrains.kotlin.incremental.IncrementalJvmCompilerRunner.runCompiler(IncrementalJvmCompilerRunner.kt:62)
	at org.jetbrains.kotlin.incremental.IncrementalCompilerRunner.doCompile(IncrementalCompilerRunner.kt:506)
	at org.jetbrains.kotlin.incremental.IncrementalCompilerRunner.compileImpl(IncrementalCompilerRunner.kt:423)
	at org.jetbrains.kotlin.incremental.IncrementalCompilerRunner.compileNonIncrementally(IncrementalCompilerRunner.kt:301)
	at org.jetbrains.kotlin.incremental.IncrementalCompilerRunner.compile(IncrementalCompilerRunner.kt:129)
	at org.jetbrains.kotlin.daemon.CompileServiceImplBase.execIncrementalCompiler(CompileServiceImpl.kt:676)
	at org.jetbrains.kotlin.daemon.CompileServiceImplBase.access$execIncrementalCompiler(CompileServiceImpl.kt:92)
	at org.jetbrains.kotlin.daemon.CompileServiceImpl.compile(CompileServiceImpl.kt:1661)
	at java.base/jdk.internal.reflect.NativeMethodAccessorImpl.invoke0(Native Method)
	at java.base/jdk.internal.reflect.NativeMethodAccessorImpl.invoke(NativeMethodAccessorImpl.java:77)
	at java.base/jdk.internal.reflect.DelegatingMethodAccessorImpl.invoke(DelegatingMethodAccessorImpl.java:43)
	at java.base/java.lang.reflect.Method.invoke(Method.java:568)
	at java.rmi/sun.rmi.server.UnicastServerRef.dispatch(UnicastServerRef.java:360)
	at java.rmi/sun.rmi.transport.Transport$1.run(Transport.java:200)
	at java.rmi/sun.rmi.transport.Transport$1.run(Transport.java:197)
	at java.base/java.security.AccessController.doPrivileged(AccessController.java:712)
	at java.rmi/sun.rmi.transport.Transport.serviceCall(Transport.java:196)
	at java.rmi/sun.rmi.transport.tcp.TCPTransport.handleMessages(TCPTransport.java:587)
	at java.rmi/sun.rmi.transport.tcp.TCPTransport$ConnectionHandler.run0(TCPTransport.java:828)
	at java.rmi/sun.rmi.transport.tcp.TCPTransport$ConnectionHandler.lambda$run$0(TCPTransport.java:705)
	at java.base/java.security.AccessController.doPrivileged(AccessController.java:399)
	at java.rmi/sun.rmi.transport.tcp.TCPTransport$ConnectionHandler.run(TCPTransport.java:704)
	at java.base/java.util.concurrent.ThreadPoolExecutor.runWorker(ThreadPoolExecutor.java:1136)
	at java.base/java.util.concurrent.ThreadPoolExecutor$Worker.run(ThreadPoolExecutor.java:635)
	at java.base/java.lang.Thread.run(Thread.java:840)
Caused by: java.lang.RuntimeException: Exception while generating code for:
FUN name:customNavGraphComposable visibility:public modality:FINAL <T> ($receiver:androidx.navigation.NavGraphBuilder, typeMap:kotlin.collections.Map<kotlin.reflect.KType, @[JvmSuppressWildcards(suppress = <null>)] androidx.navigation.NavType<*>>, content:@[Composable] kotlin.Function1<androidx.navigation.NavBackStackEntry, kotlin.Unit>) returnType:kotlin.Unit [inline]
  TYPE_PARAMETER name:T index:0 variance: superTypes:[kotlin.Any] reified:true
  $receiver: VALUE_PARAMETER name:<this> type:androidx.navigation.NavGraphBuilder
  VALUE_PARAMETER name:typeMap index:0 type:kotlin.collections.Map<kotlin.reflect.KType, @[JvmSuppressWildcards(suppress = <null>)] androidx.navigation.NavType<*>>
    EXPRESSION_BODY
      ERROR_EXPR 'Default Stub' type=kotlin.collections.Map<kotlin.reflect.KType, @[JvmSuppressWildcards(suppress = <null>)] androidx.navigation.NavType<*>>
  VALUE_PARAMETER name:content index:1 type:@[Composable] kotlin.Function1<androidx.navigation.NavBackStackEntry, kotlin.Unit> [crossinline]
  BLOCK_BODY
    VAR name:$i$f$customNavGraphComposable type:kotlin.Int [val]
      CONST Int type=kotlin.Int value=0
    CALL 'public final fun composable$default <T> (typeMap: kotlin.collections.Map<kotlin.reflect.KType, @[JvmSuppressWildcards(suppress = <null>)] androidx.navigation.NavType<*>>?, deepLinks: kotlin.collections.List<androidx.navigation.NavDeepLink>?, enterTransition: @[ExtensionFunctionType] kotlin.Function1<androidx.compose.animation.AnimatedContentTransitionScope<androidx.navigation.NavBackStackEntry>, @[JvmSuppressWildcards(suppress = <null>)] androidx.compose.animation.EnterTransition?>?, exitTransition: @[ExtensionFunctionType] kotlin.Function1<androidx.compose.animation.AnimatedContentTransitionScope<androidx.navigation.NavBackStackEntry>, @[JvmSuppressWildcards(suppress = <null>)] androidx.compose.animation.ExitTransition?>?, popEnterTransition: @[ExtensionFunctionType] kotlin.Function1<androidx.compose.animation.AnimatedContentTransitionScope<androidx.navigation.NavBackStackEntry>, @[JvmSuppressWildcards(suppress = <null>)] androidx.compose.animation.EnterTransition?>?, popExitTransition: @[ExtensionFunctionType] kotlin.Function1<androidx.compose.animation.AnimatedContentTransitionScope<androidx.navigation.NavBackStackEntry>, @[JvmSuppressWildcards(suppress = <null>)] androidx.compose.animation.ExitTransition?>?, sizeTransform: @[ExtensionFunctionType] kotlin.Function1<androidx.compose.animation.AnimatedContentTransitionScope<androidx.navigation.NavBackStackEntry>, @[JvmSuppressWildcards(suppress = <null>)] androidx.compose.animation.SizeTransform?>?, content: @[Composable] @[ExtensionFunctionType] kotlin.Function2<androidx.compose.animation.AnimatedContentScope, androidx.navigation.NavBackStackEntry, kotlin.Unit>, $mask0: kotlin.Int, $handler: kotlin.Any?): kotlin.Unit [inline] declared in androidx.navigation.compose.NavGraphBuilderKt' type=kotlin.Unit origin=DEFAULT_DISPATCH_CALL
      <T>: T of com.anand.core.utils.ExtensionFunctionsKt.customNavGraphComposable
      $receiver: GET_VAR '<this>: androidx.navigation.NavGraphBuilder declared in com.anand.core.utils.ExtensionFunctionsKt.customNavGraphComposable' type=androidx.navigation.NavGraphBuilder origin=null
      typeMap: GET_VAR 'typeMap: kotlin.collections.Map<kotlin.reflect.KType, @[JvmSuppressWildcards(suppress = <null>)] androidx.navigation.NavType<*>> declared in com.anand.core.utils.ExtensionFunctionsKt.customNavGraphComposable' type=kotlin.collections.Map<kotlin.reflect.KType, @[JvmSuppressWildcards(suppress = <null>)] androidx.navigation.NavType<*>> origin=null
      deepLinks: COMPOSITE type=kotlin.collections.List<androidx.navigation.NavDeepLink>? origin=DEFAULT_VALUE
        CONST Null type=kotlin.collections.List<androidx.navigation.NavDeepLink>? value=null
      enterTransition: BLOCK type=com.anand.core.utils.ExtensionFunctionsKt.customNavGraphComposable.<no name provided> origin=null
        CLASS LAMBDA_IMPL CLASS name:<no name provided> modality:FINAL visibility:public superTypes:[kotlin.Any; kotlin.Function1<androidx.compose.animation.AnimatedContentTransitionScope<androidx.navigation.NavBackStackEntry>, @[JvmSuppressWildcards(suppress = <null>)] androidx.compose.animation.EnterTransition?>]
          $this: VALUE_PARAMETER INSTANCE_RECEIVER name:<this> type:com.anand.core.utils.ExtensionFunctionsKt.customNavGraphComposable.<no name provided>
          CONSTRUCTOR GENERATED_MEMBER_IN_CALLABLE_REFERENCE visibility:public <> () returnType:com.anand.core.utils.ExtensionFunctionsKt.customNavGraphComposable.<no name provided> [primary]
            BLOCK_BODY
              DELEGATING_CONSTRUCTOR_CALL 'public constructor <init> () [primary] declared in kotlin.Any'
              BLOCK type=kotlin.Unit origin=null
          FUN name:invoke visibility:public modality:FINAL <> ($this:com.anand.core.utils.ExtensionFunctionsKt.customNavGraphComposable.<no name provided>, $this$composable:androidx.compose.animation.AnimatedContentTransitionScope<androidx.navigation.NavBackStackEntry>) returnType:@[JvmSuppressWildcards(suppress = <null>)] androidx.compose.animation.EnterTransition?
            overridden:
              public abstract fun invoke (p1: P1 of kotlin.Function1): R of kotlin.Function1 [operator] declared in kotlin.Function1
            $this: VALUE_PARAMETER INSTANCE_RECEIVER name:<this> type:com.anand.core.utils.ExtensionFunctionsKt.customNavGraphComposable.<no name provided>
            VALUE_PARAMETER name:$this$composable index:0 type:androidx.compose.animation.AnimatedContentTransitionScope<androidx.navigation.NavBackStackEntry>
            BLOCK_BODY
              RETURN type=kotlin.Nothing from='public final fun invoke ($this$composable: androidx.compose.animation.AnimatedContentTransitionScope<androidx.navigation.NavBackStackEntry>): @[JvmSuppressWildcards(suppress = <null>)] androidx.compose.animation.EnterTransition? declared in com.anand.core.utils.ExtensionFunctionsKt.customNavGraphComposable.<no name provided>'
                CALL 'public final fun slideIntoContainer-mOhB8PU$default ($this: androidx.compose.animation.AnimatedContentTransitionScope<S of androidx.compose.animation.AnimatedContentTransitionScope>, towards: androidx.compose.animation.AnimatedContentTransitionScope.SlideDirection, animationSpec: androidx.compose.animation.core.FiniteAnimationSpec<androidx.compose.ui.unit.IntOffset>?, initialOffset: kotlin.Function1<@[ParameterName(name = "offsetForFullSlide")] kotlin.Int, kotlin.Int>?, $mask0: kotlin.Int, $handler: kotlin.Any?): androidx.compose.animation.EnterTransition declared in androidx.compose.animation.AnimatedContentTransitionScope' type=androidx.compose.animation.EnterTransition origin=DEFAULT_DISPATCH_CALL
                  $this: GET_VAR '$this$composable: androidx.compose.animation.AnimatedContentTransitionScope<androidx.navigation.NavBackStackEntry> declared in com.anand.core.utils.ExtensionFunctionsKt.customNavGraphComposable.<no name provided>.invoke' type=androidx.compose.animation.AnimatedContentTransitionScope<androidx.navigation.NavBackStackEntry> origin=null
                  towards: CALL 'public final fun getLeft-DKzdypw (): androidx.compose.animation.AnimatedContentTransitionScope.SlideDirection declared in androidx.compose.animation.AnimatedContentTransitionScope.SlideDirection.Companion' type=androidx.compose.animation.AnimatedContentTransitionScope.SlideDirection origin=GET_PROPERTY
                    $this: GET_FIELD 'FIELD FIELD_FOR_OBJECT_INSTANCE name:Companion type:androidx.compose.animation.AnimatedContentTransitionScope.SlideDirection.Companion visibility:public [final,static]' type=androidx.compose.animation.AnimatedContentTransitionScope.SlideDirection.Companion origin=null
                  animationSpec: TYPE_OP type=androidx.compose.animation.core.TweenSpec<androidx.compose.ui.unit.IntOffset> origin=IMPLICIT_CAST typeOperand=androidx.compose.animation.core.TweenSpec<androidx.compose.ui.unit.IntOffset>
                    CALL 'public final fun tween$default <T> (durationMillis: kotlin.Int, delayMillis: kotlin.Int, easing: androidx.compose.animation.core.Easing?, $mask0: kotlin.Int, $handler: kotlin.Any?): androidx.compose.animation.core.TweenSpec<T of androidx.compose.animation.core.AnimationSpecKt.tween$default> declared in androidx.compose.animation.core.AnimationSpecKt' type=androidx.compose.animation.core.TweenSpec<T of androidx.compose.animation.core.AnimationSpecKt.tween$default> origin=DEFAULT_DISPATCH_CALL
                      <T>: androidx.compose.ui.unit.IntOffset
                      durationMillis: CONST Int type=kotlin.Int value=1000
                      delayMillis: COMPOSITE type=kotlin.Int origin=DEFAULT_VALUE
                        CONST Int type=kotlin.Int value=0
                      easing: COMPOSITE type=androidx.compose.animation.core.Easing? origin=DEFAULT_VALUE
                        CONST Null type=androidx.compose.animation.core.Easing? value=null
                      $mask0: CONST Int type=kotlin.Int value=6
                      $handler: CONST Null type=kotlin.Any? value=null
                  initialOffset: COMPOSITE type=kotlin.Function1<@[ParameterName(name = "offsetForFullSlide")] kotlin.Int, kotlin.Int>? origin=DEFAULT_VALUE
                    CONST Null type=kotlin.Function1<@[ParameterName(name = "offsetForFullSlide")] kotlin.Int, kotlin.Int>? value=null
                  $mask0: CONST Int type=kotlin.Int value=4
                  $handler: CONST Null type=kotlin.Any? value=null
          FIELD FIELD_FOR_OBJECT_INSTANCE name:INSTANCE type:com.anand.core.utils.ExtensionFunctionsKt.customNavGraphComposable.<no name provided> visibility:public [final,static]
          FUN CLASS_STATIC_INITIALIZER name:<clinit> visibility:public/*package*/ modality:FINAL <> () returnType:kotlin.Unit
            BLOCK_BODY
              SET_FIELD 'FIELD FIELD_FOR_OBJECT_INSTANCE name:INSTANCE type:com.anand.core.utils.ExtensionFunctionsKt.customNavGraphComposable.<no name provided> visibility:public [final,static]' type=kotlin.Unit origin=INITIALIZE_FIELD
                value: CONSTRUCTOR_CALL 'public constructor <init> () [primary] declared in com.anand.core.utils.ExtensionFunctionsKt.customNavGraphComposable.<no name provided>' type=com.anand.core.utils.ExtensionFunctionsKt.customNavGraphComposable.<no name provided> origin=null
          FUN BRIDGE name:invoke visibility:public modality:OPEN <> ($this:com.anand.core.utils.ExtensionFunctionsKt.customNavGraphComposable.<no name provided>, p1:kotlin.Any?) returnType:kotlin.Any?
            $this: VALUE_PARAMETER INSTANCE_RECEIVER name:<this> type:com.anand.core.utils.ExtensionFunctionsKt.customNavGraphComposable.<no name provided>
            VALUE_PARAMETER BRIDGE name:p1 index:0 type:kotlin.Any?
            EXPRESSION_BODY
              RETURN type=kotlin.Nothing from='public open fun invoke (p1: kotlin.Any?): kotlin.Any? declared in com.anand.core.utils.ExtensionFunctionsKt.customNavGraphComposable.<no name provided>'
                CALL 'public final fun invoke ($this$composable: androidx.compose.animation.AnimatedContentTransitionScope<androidx.navigation.NavBackStackEntry>): @[JvmSuppressWildcards(suppress = <null>)] androidx.compose.animation.EnterTransition? declared in com.anand.core.utils.ExtensionFunctionsKt.customNavGraphComposable.<no name provided>' type=@[JvmSuppressWildcards(suppress = <null>)] androidx.compose.animation.EnterTransition? origin=BRIDGE_DELEGATION
                  $this: GET_VAR '<this>: com.anand.core.utils.ExtensionFunctionsKt.customNavGraphComposable.<no name provided> declared in com.anand.core.utils.ExtensionFunctionsKt.customNavGraphComposable.<no name provided>.invoke' type=com.anand.core.utils.ExtensionFunctionsKt.customNavGraphComposable.<no name provided> origin=null
                  $this$composable: TYPE_OP type=androidx.compose.animation.AnimatedContentTransitionScope<*> origin=IMPLICIT_CAST typeOperand=androidx.compose.animation.AnimatedContentTransitionScope<*>
                    GET_VAR 'p1: kotlin.Any? declared in com.anand.core.utils.ExtensionFunctionsKt.customNavGraphComposable.<no name provided>.invoke' type=kotlin.Any? origin=null
        GET_FIELD 'FIELD FIELD_FOR_OBJECT_INSTANCE name:INSTANCE type:com.anand.core.utils.ExtensionFunctionsKt.customNavGraphComposable.<no name provided> visibility:public [final,static]' type=com.anand.core.utils.ExtensionFunctionsKt.customNavGraphComposable.<no name provided> origin=null
      exitTransition: BLOCK type=com.anand.core.utils.ExtensionFunctionsKt.customNavGraphComposable.<no name provided> origin=null
        CLASS LAMBDA_IMPL CLASS name:<no name provided> modality:FINAL visibility:public superTypes:[kotlin.Any; kotlin.Function1<androidx.compose.animation.AnimatedContentTransitionScope<androidx.navigation.NavBackStackEntry>, @[JvmSuppressWildcards(suppress = <null>)] androidx.compose.animation.ExitTransition?>]
          $this: VALUE_PARAMETER INSTANCE_RECEIVER name:<this> type:com.anand.core.utils.ExtensionFunctionsKt.customNavGraphComposable.<no name provided>
          CONSTRUCTOR GENERATED_MEMBER_IN_CALLABLE_REFERENCE visibility:public <> () returnType:com.anand.core.utils.ExtensionFunctionsKt.customNavGraphComposable.<no name provided> [primary]
            BLOCK_BODY
              DELEGATING_CONSTRUCTOR_CALL 'public constructor <init> () [primary] declared in kotlin.Any'
              BLOCK type=kotlin.Unit origin=null
          FUN name:invoke visibility:public modality:FINAL <> ($this:com.anand.core.utils.ExtensionFunctionsKt.customNavGraphComposable.<no name provided>, $this$composable:androidx.compose.animation.AnimatedContentTransitionScope<androidx.navigation.NavBackStackEntry>) returnType:@[JvmSuppressWildcards(suppress = <null>)] androidx.compose.animation.ExitTransition?
            overridden:
              public abstract fun invoke (p1: P1 of kotlin.Function1): R of kotlin.Function1 [operator] declared in kotlin.Function1
            $this: VALUE_PARAMETER INSTANCE_RECEIVER name:<this> type:com.anand.core.utils.ExtensionFunctionsKt.customNavGraphComposable.<no name provided>
            VALUE_PARAMETER name:$this$composable index:0 type:androidx.compose.animation.AnimatedContentTransitionScope<androidx.navigation.NavBackStackEntry>
            BLOCK_BODY
              RETURN type=kotlin.Nothing from='public final fun invoke ($this$composable: androidx.compose.animation.AnimatedContentTransitionScope<androidx.navigation.NavBackStackEntry>): @[JvmSuppressWildcards(suppress = <null>)] androidx.compose.animation.ExitTransition? declared in com.anand.core.utils.ExtensionFunctionsKt.customNavGraphComposable.<no name provided>'
                CALL 'public final fun slideOutOfContainer-mOhB8PU$default ($this: androidx.compose.animation.AnimatedContentTransitionScope<S of androidx.compose.animation.AnimatedContentTransitionScope>, towards: androidx.compose.animation.AnimatedContentTransitionScope.SlideDirection, animationSpec: androidx.compose.animation.core.FiniteAnimationSpec<androidx.compose.ui.unit.IntOffset>?, targetOffset: kotlin.Function1<@[ParameterName(name = "offsetForFullSlide")] kotlin.Int, kotlin.Int>?, $mask0: kotlin.Int, $handler: kotlin.Any?): androidx.compose.animation.ExitTransition declared in androidx.compose.animation.AnimatedContentTransitionScope' type=androidx.compose.animation.ExitTransition origin=DEFAULT_DISPATCH_CALL
                  $this: GET_VAR '$this$composable: androidx.compose.animation.AnimatedContentTransitionScope<androidx.navigation.NavBackStackEntry> declared in com.anand.core.utils.ExtensionFunctionsKt.customNavGraphComposable.<no name provided>.invoke' type=androidx.compose.animation.AnimatedContentTransitionScope<androidx.navigation.NavBackStackEntry> origin=null
                  towards: CALL 'public final fun getRight-DKzdypw (): androidx.compose.animation.AnimatedContentTransitionScope.SlideDirection declared in androidx.compose.animation.AnimatedContentTransitionScope.SlideDirection.Companion' type=androidx.compose.animation.AnimatedContentTransitionScope.SlideDirection origin=GET_PROPERTY
                    $this: GET_FIELD 'FIELD FIELD_FOR_OBJECT_INSTANCE name:Companion type:androidx.compose.animation.AnimatedContentTransitionScope.SlideDirection.Companion visibility:public [final,static]' type=androidx.compose.animation.AnimatedContentTransitionScope.SlideDirection.Companion origin=null
                  animationSpec: TYPE_OP type=androidx.compose.animation.core.TweenSpec<androidx.compose.ui.unit.IntOffset> origin=IMPLICIT_CAST typeOperand=androidx.compose.animation.core.TweenSpec<androidx.compose.ui.unit.IntOffset>
                    CALL 'public final fun tween$default <T> (durationMillis: kotlin.Int, delayMillis: kotlin.Int, easing: androidx.compose.animation.core.Easing?, $mask0: kotlin.Int, $handler: kotlin.Any?): androidx.compose.animation.core.TweenSpec<T of androidx.compose.animation.core.AnimationSpecKt.tween$default> declared in androidx.compose.animation.core.AnimationSpecKt' type=androidx.compose.animation.core.TweenSpec<T of androidx.compose.animation.core.AnimationSpecKt.tween$default> origin=DEFAULT_DISPATCH_CALL
                      <T>: androidx.compose.ui.unit.IntOffset
                      durationMillis: CONST Int type=kotlin.Int value=1000
                      delayMillis: COMPOSITE type=kotlin.Int origin=DEFAULT_VALUE
                        CONST Int type=kotlin.Int value=0
                      easing: COMPOSITE type=androidx.compose.animation.core.Easing? origin=DEFAULT_VALUE
                        CONST Null type=androidx.compose.animation.core.Easing? value=null
                      $mask0: CONST Int type=kotlin.Int value=6
                      $handler: CONST Null type=kotlin.Any? value=null
                  targetOffset: COMPOSITE type=kotlin.Function1<@[ParameterName(name = "offsetForFullSlide")] kotlin.Int, kotlin.Int>? origin=DEFAULT_VALUE
                    CONST Null type=kotlin.Function1<@[ParameterName(name = "offsetForFullSlide")] kotlin.Int, kotlin.Int>? value=null
                  $mask0: CONST Int type=kotlin.Int value=4
                  $handler: CONST Null type=kotlin.Any? value=null
          FIELD FIELD_FOR_OBJECT_INSTANCE name:INSTANCE type:com.anand.core.utils.ExtensionFunctionsKt.customNavGraphComposable.<no name provided> visibility:public [final,static]
          FUN CLASS_STATIC_INITIALIZER name:<clinit> visibility:public/*package*/ modality:FINAL <> () returnType:kotlin.Unit
            BLOCK_BODY
              SET_FIELD 'FIELD FIELD_FOR_OBJECT_INSTANCE name:INSTANCE type:com.anand.core.utils.ExtensionFunctionsKt.customNavGraphComposable.<no name provided> visibility:public [final,static]' type=kotlin.Unit origin=INITIALIZE_FIELD
                value: CONSTRUCTOR_CALL 'public constructor <init> () [primary] declared in com.anand.core.utils.ExtensionFunctionsKt.customNavGraphComposable.<no name provided>' type=com.anand.core.utils.ExtensionFunctionsKt.customNavGraphComposable.<no name provided> origin=null
          FUN BRIDGE name:invoke visibility:public modality:OPEN <> ($this:com.anand.core.utils.ExtensionFunctionsKt.customNavGraphComposable.<no name provided>, p1:kotlin.Any?) returnType:kotlin.Any?
            $this: VALUE_PARAMETER INSTANCE_RECEIVER name:<this> type:com.anand.core.utils.ExtensionFunctionsKt.customNavGraphComposable.<no name provided>
            VALUE_PARAMETER BRIDGE name:p1 index:0 type:kotlin.Any?
            EXPRESSION_BODY
              RETURN type=kotlin.Nothing from='public open fun invoke (p1: kotlin.Any?): kotlin.Any? declared in com.anand.core.utils.ExtensionFunctionsKt.customNavGraphComposable.<no name provided>'
                CALL 'public final fun invoke ($this$composable: androidx.compose.animation.AnimatedContentTransitionScope<androidx.navigation.NavBackStackEntry>): @[JvmSuppressWildcards(suppress = <null>)] androidx.compose.animation.ExitTransition? declared in com.anand.core.utils.ExtensionFunctionsKt.customNavGraphComposable.<no name provided>' type=@[JvmSuppressWildcards(suppress = <null>)] androidx.compose.animation.ExitTransition? origin=BRIDGE_DELEGATION
                  $this: GET_VAR '<this>: com.anand.core.utils.ExtensionFunctionsKt.customNavGraphComposable.<no name provided> declared in com.anand.core.utils.ExtensionFunctionsKt.customNavGraphComposable.<no name provided>.invoke' type=com.anand.core.utils.ExtensionFunctionsKt.customNavGraphComposable.<no name provided> origin=null
                  $this$composable: TYPE_OP type=androidx.compose.animation.AnimatedContentTransitionScope<*> origin=IMPLICIT_CAST typeOperand=androidx.compose.animation.AnimatedContentTransitionScope<*>
                    GET_VAR 'p1: kotlin.Any? declared in com.anand.core.utils.ExtensionFunctionsKt.customNavGraphComposable.<no name provided>.invoke' type=kotlin.Any? origin=null
        GET_FIELD 'FIELD FIELD_FOR_OBJECT_INSTANCE name:INSTANCE type:com.anand.core.utils.ExtensionFunctionsKt.customNavGraphComposable.<no name provided> visibility:public [final,static]' type=com.anand.core.utils.ExtensionFunctionsKt.customNavGraphComposable.<no name provided> origin=null
      popEnterTransition: COMPOSITE type=@[ExtensionFunctionType] kotlin.Function1<androidx.compose.animation.AnimatedContentTransitionScope<androidx.navigation.NavBackStackEntry>, @[JvmSuppressWildcards(suppress = <null>)] androidx.compose.animation.EnterTransition?>? origin=DEFAULT_VALUE
        CONST Null type=@[ExtensionFunctionType] kotlin.Function1<androidx.compose.animation.AnimatedContentTransitionScope<androidx.navigation.NavBackStackEntry>, @[JvmSuppressWildcards(suppress = <null>)] androidx.compose.animation.EnterTransition?>? value=null
      popExitTransition: COMPOSITE type=@[ExtensionFunctionType] kotlin.Function1<androidx.compose.animation.AnimatedContentTransitionScope<androidx.navigation.NavBackStackEntry>, @[JvmSuppressWildcards(suppress = <null>)] androidx.compose.animation.ExitTransition?>? origin=DEFAULT_VALUE
        CONST Null type=@[ExtensionFunctionType] kotlin.Function1<androidx.compose.animation.AnimatedContentTransitionScope<androidx.navigation.NavBackStackEntry>, @[JvmSuppressWildcards(suppress = <null>)] androidx.compose.animation.ExitTransition?>? value=null
      sizeTransform: COMPOSITE type=@[ExtensionFunctionType] kotlin.Function1<androidx.compose.animation.AnimatedContentTransitionScope<androidx.navigation.NavBackStackEntry>, @[JvmSuppressWildcards(suppress = <null>)] androidx.compose.animation.SizeTransform?>? origin=DEFAULT_VALUE
        CONST Null type=@[ExtensionFunctionType] kotlin.Function1<androidx.compose.animation.AnimatedContentTransitionScope<androidx.navigation.NavBackStackEntry>, @[JvmSuppressWildcards(suppress = <null>)] androidx.compose.animation.SizeTransform?>? value=null
      content: BLOCK type=com.anand.core.utils.ExtensionFunctionsKt.customNavGraphComposable.<no name provided> origin=null
        CLASS LAMBDA_IMPL CLASS name:<no name provided> modality:FINAL visibility:public superTypes:[kotlin.Any; kotlin.Function2<androidx.compose.animation.AnimatedContentScope, androidx.navigation.NavBackStackEntry, kotlin.Unit>]
          $this: VALUE_PARAMETER INSTANCE_RECEIVER name:<this> type:com.anand.core.utils.ExtensionFunctionsKt.customNavGraphComposable.<no name provided>
          CONSTRUCTOR GENERATED_MEMBER_IN_CALLABLE_REFERENCE visibility:public <> ($content:@[Composable] kotlin.Function1<androidx.navigation.NavBackStackEntry, kotlin.Unit>) returnType:com.anand.core.utils.ExtensionFunctionsKt.customNavGraphComposable.<no name provided> [primary]
            VALUE_PARAMETER BOUND_VALUE_PARAMETER name:$content index:0 type:@[Composable] kotlin.Function1<androidx.navigation.NavBackStackEntry, kotlin.Unit> [crossinline]
            BLOCK_BODY
              SET_FIELD 'FIELD FIELD_FOR_CROSSINLINE_CAPTURED_VALUE name:$content type:@[Composable] kotlin.Function1<androidx.navigation.NavBackStackEntry, kotlin.Unit> visibility:public/*package*/ [final]' type=kotlin.Unit origin=INITIALIZER_OF_FIELD_FOR_CAPTURED_VALUE
                receiver: GET_VAR '<this>: com.anand.core.utils.ExtensionFunctionsKt.customNavGraphComposable.<no name provided> declared in com.anand.core.utils.ExtensionFunctionsKt.customNavGraphComposable.<no name provided>' type=com.anand.core.utils.ExtensionFunctionsKt.customNavGraphComposable.<no name provided> origin=null
                value: GET_VAR '$content: @[Composable] kotlin.Function1<androidx.navigation.NavBackStackEntry, kotlin.Unit> [crossinline] declared in com.anand.core.utils.ExtensionFunctionsKt.customNavGraphComposable.<no name provided>.<init>' type=@[Composable] kotlin.Function1<androidx.navigation.NavBackStackEntry, kotlin.Unit> origin=null
              DELEGATING_CONSTRUCTOR_CALL 'public constructor <init> () [primary] declared in kotlin.Any'
              BLOCK type=kotlin.Unit origin=null
          FUN name:invoke visibility:public modality:FINAL <> ($this:com.anand.core.utils.ExtensionFunctionsKt.customNavGraphComposable.<no name provided>, $this$composable:androidx.compose.animation.AnimatedContentScope, it:androidx.navigation.NavBackStackEntry) returnType:kotlin.Unit
            overridden:
              public abstract fun invoke (p1: P1 of kotlin.Function2, p2: P2 of kotlin.Function2): R of kotlin.Function2 [operator] declared in kotlin.Function2
            $this: VALUE_PARAMETER INSTANCE_RECEIVER name:<this> type:com.anand.core.utils.ExtensionFunctionsKt.customNavGraphComposable.<no name provided>
            VALUE_PARAMETER name:$this$composable index:0 type:androidx.compose.animation.AnimatedContentScope
            VALUE_PARAMETER name:it index:1 type:androidx.navigation.NavBackStackEntry
            BLOCK_BODY
              CALL 'public abstract fun invoke (p1: P1 of kotlin.Function1): R of kotlin.Function1 [operator] declared in kotlin.Function1' type=kotlin.Unit origin=INVOKE
                $this: GET_FIELD 'FIELD FIELD_FOR_CROSSINLINE_CAPTURED_VALUE name:$content type:@[Composable] kotlin.Function1<androidx.navigation.NavBackStackEntry, kotlin.Unit> visibility:public/*package*/ [final]' type=@[Composable] kotlin.Function1<androidx.navigation.NavBackStackEntry, kotlin.Unit> origin=null
                  receiver: GET_VAR '<this>: com.anand.core.utils.ExtensionFunctionsKt.customNavGraphComposable.<no name provided> declared in com.anand.core.utils.ExtensionFunctionsKt.customNavGraphComposable.<no name provided>.invoke' type=com.anand.core.utils.ExtensionFunctionsKt.customNavGraphComposable.<no name provided> origin=null
                p1: GET_VAR 'it: androidx.navigation.NavBackStackEntry declared in com.anand.core.utils.ExtensionFunctionsKt.customNavGraphComposable.<no name provided>.invoke' type=androidx.navigation.NavBackStackEntry origin=null
          FIELD FIELD_FOR_CROSSINLINE_CAPTURED_VALUE name:$content type:@[Composable] kotlin.Function1<androidx.navigation.NavBackStackEntry, kotlin.Unit> visibility:public/*package*/ [final]
          FUN BRIDGE name:invoke visibility:public modality:OPEN <> ($this:com.anand.core.utils.ExtensionFunctionsKt.customNavGraphComposable.<no name provided>, p1:kotlin.Any?, p2:kotlin.Any?) returnType:kotlin.Any?
            $this: VALUE_PARAMETER INSTANCE_RECEIVER name:<this> type:com.anand.core.utils.ExtensionFunctionsKt.customNavGraphComposable.<no name provided>
            VALUE_PARAMETER BRIDGE name:p1 index:0 type:kotlin.Any?
            VALUE_PARAMETER BRIDGE name:p2 index:1 type:kotlin.Any?
            EXPRESSION_BODY
              RETURN type=kotlin.Nothing from='public open fun invoke (p1: kotlin.Any?, p2: kotlin.Any?): kotlin.Any? declared in com.anand.core.utils.ExtensionFunctionsKt.customNavGraphComposable.<no name provided>'
                CALL 'public final fun invoke ($this$composable: androidx.compose.animation.AnimatedContentScope, it: androidx.navigation.NavBackStackEntry): kotlin.Unit declared in com.anand.core.utils.ExtensionFunctionsKt.customNavGraphComposable.<no name provided>' type=kotlin.Unit origin=BRIDGE_DELEGATION
                  $this: GET_VAR '<this>: com.anand.core.utils.ExtensionFunctionsKt.customNavGraphComposable.<no name provided> declared in com.anand.core.utils.ExtensionFunctionsKt.customNavGraphComposable.<no name provided>.invoke' type=com.anand.core.utils.ExtensionFunctionsKt.customNavGraphComposable.<no name provided> origin=null
                  $this$composable: TYPE_OP type=androidx.compose.animation.AnimatedContentScope origin=IMPLICIT_CAST typeOperand=androidx.compose.animation.AnimatedContentScope
                    GET_VAR 'p1: kotlin.Any? declared in com.anand.core.utils.ExtensionFunctionsKt.customNavGraphComposable.<no name provided>.invoke' type=kotlin.Any? origin=null
                  it: TYPE_OP type=androidx.navigation.NavBackStackEntry origin=IMPLICIT_CAST typeOperand=androidx.navigation.NavBackStackEntry
                    GET_VAR 'p2: kotlin.Any? declared in com.anand.core.utils.ExtensionFunctionsKt.customNavGraphComposable.<no name provided>.invoke' type=kotlin.Any? origin=null
        CONSTRUCTOR_CALL 'public constructor <init> ($content: @[Composable] kotlin.Function1<androidx.navigation.NavBackStackEntry, kotlin.Unit>) [primary] declared in com.anand.core.utils.ExtensionFunctionsKt.customNavGraphComposable.<no name provided>' type=com.anand.core.utils.ExtensionFunctionsKt.customNavGraphComposable.<no name provided> origin=null
          $content: GET_VAR 'content: @[Composable] kotlin.Function1<androidx.navigation.NavBackStackEntry, kotlin.Unit> [crossinline] declared in com.anand.core.utils.ExtensionFunctionsKt.customNavGraphComposable' type=@[Composable] kotlin.Function1<androidx.navigation.NavBackStackEntry, kotlin.Unit> origin=null
      $mask0: CONST Int type=kotlin.Int value=114
      $handler: CONST Null type=kotlin.Any? value=null

	at org.jetbrains.kotlin.backend.jvm.codegen.FunctionCodegen.generate(FunctionCodegen.kt:50)
	at org.jetbrains.kotlin.backend.jvm.codegen.FunctionCodegen.generate$default(FunctionCodegen.kt:42)
	at org.jetbrains.kotlin.backend.jvm.codegen.ClassCodegen.generateMethodNode(ClassCodegen.kt:391)
	at org.jetbrains.kotlin.backend.jvm.codegen.ClassCodegen.generateMethod(ClassCodegen.kt:402)
	at org.jetbrains.kotlin.backend.jvm.codegen.ClassCodegen.generate(ClassCodegen.kt:169)
	at org.jetbrains.kotlin.backend.jvm.FileCodegen.lower(JvmPhases.kt:41)
	at org.jetbrains.kotlin.backend.common.phaser.PhaseBuildersKt.makeIrFilePhase$lambda$5(PhaseBuilders.kt:114)
	at org.jetbrains.kotlin.backend.common.phaser.PhaseBuildersKt$createSimpleNamedCompilerPhase$1.phaseBody(PhaseBuilders.kt:71)
	at org.jetbrains.kotlin.backend.common.phaser.SimpleNamedCompilerPhase.phaseBody(CompilerPhase.kt:226)
	at org.jetbrains.kotlin.backend.common.phaser.AbstractNamedCompilerPhase.invoke(CompilerPhase.kt:113)
	at org.jetbrains.kotlin.backend.common.phaser.PerformByIrFilePhase.invokeSequential(performByIrFile.kt:62)
	... 45 more
Caused by: org.jetbrains.kotlin.codegen.CompilationException: Back-end (JVM) Internal error: Couldn't inline method call: CALL 'public final fun composable$default <T> (typeMap: kotlin.collections.Map<kotlin.reflect.KType, @[JvmSuppressWildcards(suppress = <null>)] androidx.navigation.NavType<*>>?, deepLinks: kotlin.collections.List<androidx.navigation.NavDeepLink>?, enterTransition: @[ExtensionFunctionType] kotlin.Function1<androidx.compose.animation.AnimatedContentTransitionScope<androidx.navigation.NavBackStackEntry>, @[JvmSuppressWildcards(suppress = <null>)] androidx.compose.animation.EnterTransition?>?, exitTransition: @[ExtensionFunctionType] kotlin.Function1<androidx.compose.animation.AnimatedContentTransitionScope<androidx.navigation.NavBackStackEntry>, @[JvmSuppressWildcards(suppress = <null>)] androidx.compose.animation.ExitTransition?>?, popEnterTransition: @[ExtensionFunctionType] kotlin.Function1<androidx.compose.animation.AnimatedContentTransitionScope<androidx.navigation.NavBackStackEntry>, @[JvmSuppressWildcards(suppress = <null>)] androidx.compose.animation.EnterTransition?>?, popExitTransition: @[ExtensionFunctionType] kotlin.Function1<androidx.compose.animation.AnimatedContentTransitionScope<androidx.navigation.NavBackStackEntry>, @[JvmSuppressWildcards(suppress = <null>)] androidx.compose.animation.ExitTransition?>?, sizeTransform: @[ExtensionFunctionType] kotlin.Function1<androidx.compose.animation.AnimatedContentTransitionScope<androidx.navigation.NavBackStackEntry>, @[JvmSuppressWildcards(suppress = <null>)] androidx.compose.animation.SizeTransform?>?, content: @[Composable] @[ExtensionFunctionType] kotlin.Function2<androidx.compose.animation.AnimatedContentScope, androidx.navigation.NavBackStackEntry, kotlin.Unit>, $mask0: kotlin.Int, $handler: kotlin.Any?): kotlin.Unit [inline] declared in androidx.navigation.compose.NavGraphBuilderKt' type=kotlin.Unit origin=DEFAULT_DISPATCH_CALL
Method: null
File is unknown
The root cause java.lang.IllegalStateException was thrown at: org.jetbrains.kotlin.codegen.inline.SourceCompilerForInlineKt.getMethodNode(SourceCompilerForInline.kt:118)
	at org.jetbrains.kotlin.codegen.inline.InlineCodegen.performInline(InlineCodegen.kt:65)
	at org.jetbrains.kotlin.backend.jvm.codegen.IrInlineCodegen.genInlineCall(IrInlineCodegen.kt:162)
	at org.jetbrains.kotlin.backend.jvm.codegen.IrInlineCallGenerator.genCall(IrInlineCallGenerator.kt:36)
	at org.jetbrains.kotlin.backend.jvm.codegen.ExpressionCodegen.visitCall(ExpressionCodegen.kt:647)
	at org.jetbrains.kotlin.backend.jvm.codegen.ExpressionCodegen.visitCall(ExpressionCodegen.kt:137)
	at org.jetbrains.kotlin.ir.expressions.IrCall.accept(IrCall.kt:24)
	at org.jetbrains.kotlin.backend.jvm.codegen.ExpressionCodegen.visitStatementContainer(ExpressionCodegen.kt:573)
	at org.jetbrains.kotlin.backend.jvm.codegen.ExpressionCodegen.visitBlockBody(ExpressionCodegen.kt:578)
	at org.jetbrains.kotlin.backend.jvm.codegen.ExpressionCodegen.visitBlockBody(ExpressionCodegen.kt:137)
	at org.jetbrains.kotlin.ir.expressions.IrBlockBody.accept(IrBlockBody.kt:20)
	at org.jetbrains.kotlin.backend.jvm.codegen.ExpressionCodegen.generate(ExpressionCodegen.kt:239)
	at org.jetbrains.kotlin.backend.jvm.codegen.FunctionCodegen.doGenerate(FunctionCodegen.kt:121)
	at org.jetbrains.kotlin.backend.jvm.codegen.FunctionCodegen.generate(FunctionCodegen.kt:46)
	... 55 more
Caused by: java.lang.IllegalStateException: couldn't find inline method Landroidx/navigation/compose/NavGraphBuilderKt;.composable$default(Landroidx/navigation/NavGraphBuilder;Ljava/util/Map;Ljava/util/List;Lkotlin/jvm/functions/Function1;Lkotlin/jvm/functions/Function1;Lkotlin/jvm/functions/Function1;Lkotlin/jvm/functions/Function1;Lkotlin/jvm/functions/Function1;Lkotlin/jvm/functions/Function2;ILjava/lang/Object;)V
	at org.jetbrains.kotlin.codegen.inline.SourceCompilerForInlineKt.getMethodNode(SourceCompilerForInline.kt:118)
	at org.jetbrains.kotlin.codegen.inline.SourceCompilerForInlineKt.loadCompiledInlineFunction(SourceCompilerForInline.kt:96)
	at org.jetbrains.kotlin.backend.jvm.codegen.IrSourceCompilerForInline.compileInlineFunction(IrSourceCompilerForInline.kt:91)
	at org.jetbrains.kotlin.codegen.inline.InlineCodegen.compileInline(InlineCodegen.kt:43)
	at org.jetbrains.kotlin.codegen.inline.InlineCodegen.performInline(InlineCodegen.kt:51)
	... 67 more


